2024-12-16 16:46:37,696 - __main__ - INFO - Unique constraints added successfully
2024-12-16 16:46:37,862 - __main__ - INFO - CSV file loaded successfully. Total rows: 4867
2024-12-16 16:46:37,917 - __main__ - INFO - Insurances loaded successfully
2024-12-16 16:46:38,179 - __main__ - INFO - Committed 100 rows
2024-12-16 16:46:38,429 - __main__ - INFO - Committed 200 rows
2024-12-16 16:46:38,706 - __main__ - INFO - Committed 300 rows
2024-12-16 16:46:39,008 - __main__ - INFO - Committed 400 rows
2024-12-16 16:46:39,348 - __main__ - INFO - Committed 500 rows
2024-12-16 16:46:39,771 - __main__ - INFO - Committed 600 rows
2024-12-16 16:46:40,138 - __main__ - INFO - Committed 700 rows
2024-12-16 16:46:40,477 - __main__ - INFO - Committed 800 rows
2024-12-16 16:46:40,914 - __main__ - INFO - Committed 900 rows
2024-12-16 16:46:41,241 - __main__ - INFO - Committed 1000 rows
2024-12-16 16:46:41,539 - __main__ - INFO - Committed 1100 rows
2024-12-16 16:46:41,854 - __main__ - INFO - Committed 1200 rows
2024-12-16 16:46:42,202 - __main__ - INFO - Committed 1300 rows
2024-12-16 16:46:42,526 - __main__ - INFO - Committed 1400 rows
2024-12-16 16:46:42,847 - __main__ - INFO - Committed 1500 rows
2024-12-16 16:46:43,130 - __main__ - INFO - Committed 1600 rows
2024-12-16 16:46:43,432 - __main__ - INFO - Committed 1700 rows
2024-12-16 16:46:43,749 - __main__ - INFO - Committed 1800 rows
2024-12-16 16:46:44,038 - __main__ - INFO - Committed 1900 rows
2024-12-16 16:46:44,317 - __main__ - INFO - Committed 2000 rows
2024-12-16 16:46:44,606 - __main__ - INFO - Committed 2100 rows
2024-12-16 16:46:44,975 - __main__ - INFO - Committed 2200 rows
2024-12-16 16:46:45,446 - __main__ - INFO - Committed 2300 rows
2024-12-16 16:46:45,772 - __main__ - INFO - Committed 2400 rows
2024-12-16 16:46:46,042 - __main__ - INFO - Committed 2500 rows
2024-12-16 16:46:46,346 - __main__ - INFO - Committed 2600 rows
2024-12-16 16:46:46,730 - __main__ - INFO - Committed 2700 rows
2024-12-16 16:46:47,039 - __main__ - INFO - Committed 2800 rows
2024-12-16 16:46:47,259 - __main__ - INFO - Committed 2900 rows
2024-12-16 16:46:47,567 - __main__ - INFO - Committed 3000 rows
2024-12-16 16:46:47,881 - __main__ - INFO - Committed 3100 rows
2024-12-16 16:46:48,156 - __main__ - INFO - Committed 3200 rows
2024-12-16 16:46:48,438 - __main__ - INFO - Committed 3300 rows
2024-12-16 16:46:48,831 - __main__ - INFO - Committed 3400 rows
2024-12-16 16:46:49,123 - __main__ - INFO - Committed 3500 rows
2024-12-16 16:46:49,498 - __main__ - INFO - Committed 3600 rows
2024-12-16 16:46:49,830 - __main__ - INFO - Committed 3700 rows
2024-12-16 16:46:50,136 - __main__ - INFO - Committed 3800 rows
2024-12-16 16:46:50,541 - __main__ - INFO - Committed 3900 rows
2024-12-16 16:46:50,866 - __main__ - INFO - Committed 4000 rows
2024-12-16 16:46:51,236 - __main__ - INFO - Committed 4100 rows
2024-12-16 16:46:51,535 - __main__ - INFO - Committed 4200 rows
2024-12-16 16:46:51,841 - __main__ - INFO - Committed 4300 rows
2024-12-16 16:46:52,188 - __main__ - INFO - Committed 4400 rows
2024-12-16 16:46:52,462 - __main__ - INFO - Committed 4500 rows
2024-12-16 16:46:52,754 - __main__ - INFO - Committed 4600 rows
2024-12-16 16:46:53,113 - __main__ - INFO - Committed 4700 rows
2024-12-16 16:46:53,447 - __main__ - INFO - Committed 4800 rows
2024-12-16 16:46:53,661 - __main__ - INFO - Import complete. Total rows: 4867
2024-12-16 16:46:53,661 - __main__ - INFO - Successful imports: 4867
2024-12-16 16:46:53,662 - __main__ - INFO - Skipped rows: 0
2024-12-16 16:46:53,662 - __main__ - INFO - Error rows: 0
